<?xml version="1.0" encoding="UTF-8"?>
<testsuite xmlns:xsi="http://www.w3.org/2001/XMLSchema-instance" xsi:noNamespaceSchemaLocation="https://maven.apache.org/surefire/maven-surefire-plugin/xsd/surefire-test-report.xsd" name="com.example.test.AnnoTest" time="0.687" tests="1" errors="0" skipped="0" failures="0">
  <properties>
    <property name="sun.desktop" value="windows"/>
    <property name="awt.toolkit" value="sun.awt.windows.WToolkit"/>
    <property name="file.encoding.pkg" value="sun.io"/>
    <property name="java.specification.version" value="1.8"/>
    <property name="sun.cpu.isalist" value="amd64"/>
    <property name="sun.jnu.encoding" value="GBK"/>
    <property name="java.class.path" value="D:\back_programs\Spring-AOP\target\test-classes;D:\back_programs\Spring-AOP\target\classes;D:\backend\mavenRepository\org\springframework\spring-context\5.0.5.RELEASE\spring-context-5.0.5.RELEASE.jar;D:\backend\mavenRepository\org\springframework\spring-aop\5.0.5.RELEASE\spring-aop-5.0.5.RELEASE.jar;D:\backend\mavenRepository\org\springframework\spring-beans\5.0.5.RELEASE\spring-beans-5.0.5.RELEASE.jar;D:\backend\mavenRepository\org\springframework\spring-core\5.0.5.RELEASE\spring-core-5.0.5.RELEASE.jar;D:\backend\mavenRepository\org\springframework\spring-jcl\5.0.5.RELEASE\spring-jcl-5.0.5.RELEASE.jar;D:\backend\mavenRepository\org\springframework\spring-expression\5.0.5.RELEASE\spring-expression-5.0.5.RELEASE.jar;D:\backend\mavenRepository\org\aspectj\aspectjweaver\1.8.14\aspectjweaver-1.8.14.jar;D:\backend\mavenRepository\junit\junit\4.12\junit-4.12.jar;D:\backend\mavenRepository\org\hamcrest\hamcrest-core\1.3\hamcrest-core-1.3.jar;D:\backend\mavenRepository\org\springframework\spring-test\5.0.5.RELEASE\spring-test-5.0.5.RELEASE.jar;"/>
    <property name="java.vm.vendor" value="Oracle Corporation"/>
    <property name="sun.arch.data.model" value="64"/>
    <property name="user.variant" value=""/>
    <property name="java.vendor.url" value="http://java.oracle.com/"/>
    <property name="user.timezone" value="Asia/Shanghai"/>
    <property name="java.vm.specification.version" value="1.8"/>
    <property name="os.name" value="Windows 10"/>
    <property name="user.country" value="CN"/>
    <property name="sun.java.launcher" value="SUN_STANDARD"/>
    <property name="sun.boot.library.path" value="D:\backend\java\jdk1.8.0_261\jre\bin"/>
    <property name="sun.java.command" value="C:\Users\2948\AppData\Local\Temp\surefire6832950351245309745\surefirebooter6643084569822187316.jar C:\Users\2948\AppData\Local\Temp\surefire6832950351245309745 2021-12-08T10-24-40_007-jvmRun1 surefire3506453913127873237tmp surefire_02412468170003136189tmp"/>
    <property name="surefire.test.class.path" value="D:\back_programs\Spring-AOP\target\test-classes;D:\back_programs\Spring-AOP\target\classes;D:\backend\mavenRepository\org\springframework\spring-context\5.0.5.RELEASE\spring-context-5.0.5.RELEASE.jar;D:\backend\mavenRepository\org\springframework\spring-aop\5.0.5.RELEASE\spring-aop-5.0.5.RELEASE.jar;D:\backend\mavenRepository\org\springframework\spring-beans\5.0.5.RELEASE\spring-beans-5.0.5.RELEASE.jar;D:\backend\mavenRepository\org\springframework\spring-core\5.0.5.RELEASE\spring-core-5.0.5.RELEASE.jar;D:\backend\mavenRepository\org\springframework\spring-jcl\5.0.5.RELEASE\spring-jcl-5.0.5.RELEASE.jar;D:\backend\mavenRepository\org\springframework\spring-expression\5.0.5.RELEASE\spring-expression-5.0.5.RELEASE.jar;D:\backend\mavenRepository\org\aspectj\aspectjweaver\1.8.14\aspectjweaver-1.8.14.jar;D:\backend\mavenRepository\junit\junit\4.12\junit-4.12.jar;D:\backend\mavenRepository\org\hamcrest\hamcrest-core\1.3\hamcrest-core-1.3.jar;D:\backend\mavenRepository\org\springframework\spring-test\5.0.5.RELEASE\spring-test-5.0.5.RELEASE.jar;"/>
    <property name="sun.cpu.endian" value="little"/>
    <property name="user.home" value="C:\Users\2948"/>
    <property name="user.language" value="zh"/>
    <property name="java.specification.vendor" value="Oracle Corporation"/>
    <property name="java.home" value="D:\backend\java\jdk1.8.0_261\jre"/>
    <property name="basedir" value="D:\back_programs\Spring-AOP"/>
    <property name="file.separator" value="\"/>
    <property name="line.separator" value="&#10;"/>
    <property name="java.vm.specification.vendor" value="Oracle Corporation"/>
    <property name="java.specification.name" value="Java Platform API Specification"/>
    <property name="java.awt.graphicsenv" value="sun.awt.Win32GraphicsEnvironment"/>
    <property name="surefire.real.class.path" value="C:\Users\2948\AppData\Local\Temp\surefire6832950351245309745\surefirebooter6643084569822187316.jar"/>
    <property name="sun.boot.class.path" value="D:\backend\java\jdk1.8.0_261\jre\lib\resources.jar;D:\backend\java\jdk1.8.0_261\jre\lib\rt.jar;D:\backend\java\jdk1.8.0_261\jre\lib\sunrsasign.jar;D:\backend\java\jdk1.8.0_261\jre\lib\jsse.jar;D:\backend\java\jdk1.8.0_261\jre\lib\jce.jar;D:\backend\java\jdk1.8.0_261\jre\lib\charsets.jar;D:\backend\java\jdk1.8.0_261\jre\lib\jfr.jar;D:\backend\java\jdk1.8.0_261\jre\classes"/>
    <property name="user.script" value=""/>
    <property name="sun.management.compiler" value="HotSpot 64-Bit Tiered Compilers"/>
    <property name="java.runtime.version" value="1.8.0_261-b12"/>
    <property name="user.name" value="2948"/>
    <property name="path.separator" value=";"/>
    <property name="os.version" value="10.0"/>
    <property name="java.endorsed.dirs" value="D:\backend\java\jdk1.8.0_261\jre\lib\endorsed"/>
    <property name="java.runtime.name" value="Java(TM) SE Runtime Environment"/>
    <property name="file.encoding" value="GBK"/>
    <property name="java.vm.name" value="Java HotSpot(TM) 64-Bit Server VM"/>
    <property name="localRepository" value="D:\backend\mavenRepository"/>
    <property name="java.vendor.url.bug" value="http://bugreport.sun.com/bugreport/"/>
    <property name="java.io.tmpdir" value="C:\Users\2948\AppData\Local\Temp\"/>
    <property name="java.version" value="1.8.0_261"/>
    <property name="user.dir" value="D:\back_programs\Spring-AOP"/>
    <property name="os.arch" value="amd64"/>
    <property name="java.vm.specification.name" value="Java Virtual Machine Specification"/>
    <property name="java.awt.printerjob" value="sun.awt.windows.WPrinterJob"/>
    <property name="sun.os.patch.level" value=""/>
    <property name="java.library.path" value="D:\backend\java\jdk1.8.0_261\jre\bin;C:\Windows\Sun\Java\bin;C:\Windows\system32;C:\Windows;C:\Program Files (x86)\Common Files\Oracle\Java\javapath;D:\Program Files\python27\;D:\Program Files\python27\Scripts;C:\Windows\system32;C:\Windows;C:\Windows\System32\Wbem;C:\Windows\System32\WindowsPowerShell\v1.0\;C:\Windows\System32\OpenSSH\;D:\Program Files\nodejs\;C:\ProgramData\chocolatey\bin;D:\Program Files\Git\cmd;D:\backend\mysql-5.7.20-winx64\bin;D:\backend\java\jdk1.8.0_261\bin;D:\backend\java\jdk1.8.0_261\jre\bin;D:\backend\apache-maven-3.8.3\bin;D:\backend\apache-tomcat-8.5.73\bin;D:\Program Files\Ruby26-x64\bin;C:\Users\2948\AppData\Local\Microsoft\WindowsApps;C:\Program Files\Bandizip\;D:\Program Files\nodejs\node_global;;D:\Program Files\Microsoft VS Code\bin;C:\Program Files\JetBrains\IntelliJ IDEA 2021.2.3\bin;;."/>
    <property name="java.vm.info" value="mixed mode"/>
    <property name="java.vendor" value="Oracle Corporation"/>
    <property name="java.vm.version" value="25.261-b12"/>
    <property name="java.ext.dirs" value="D:\backend\java\jdk1.8.0_261\jre\lib\ext;C:\Windows\Sun\Java\lib\ext"/>
    <property name="sun.io.unicode.encoding" value="UnicodeLittle"/>
    <property name="java.class.version" value="52.0"/>
  </properties>
  <testcase name="test1" classname="com.example.test.AnnoTest" time="0.006"/>
</testsuite>